
DESENV12 (Client)	Mon May 01 23:11:51 2023
	INET/inet_error: connect errno = 10060


DESENV12 (Client)	Mon May 01 23:12:14 2023
	INET/inet_error: connect errno = 10060


DESENV12 (Client)	Tue May 02 13:46:17 2023
	INET/inet_error: connect errno = 10060


DESENV12 (Client)	Tue May 02 13:46:40 2023
	INET/inet_error: connect errno = 10060


DESENV12 (Client)	Tue May 02 13:47:01 2023
	INET/inet_error: connect errno = 10060


DESENV12 (Client)	Tue May 02 13:47:24 2023
	INET/inet_error: connect errno = 10060


DESENV12 (Client)	Fri May 12 13:16:11 2023
	INET/inet_error: connect errno = 10060


DESENV12 (Client)	Fri May 12 13:16:35 2023
	INET/inet_error: connect errno = 10060


DESENV12 (Client)	Fri May 12 13:16:56 2023
	INET/inet_error: connect errno = 10060


DESENV12 (Client)	Fri May 12 13:17:19 2023
	INET/inet_error: connect errno = 10060


DESENV12 (Client)	Fri May 12 13:18:34 2023
	INET/inet_error: connect errno = 10060


DESENV12 (Client)	Fri May 12 13:18:57 2023
	INET/inet_error: connect errno = 10060


DESENV12 (Client)	Fri May 12 13:22:25 2023
	INET/inet_error: connect errno = 10060


DESENV12 (Client)	Fri May 12 13:22:48 2023
	INET/inet_error: connect errno = 10060


DESENV12 (Client)	Fri May 12 13:26:26 2023
	INET/inet_error: read errno = 10054


DESENV12 (Client)	Fri May 12 13:26:26 2023
	REMOTE INTERFACE/gds__detach: Unsuccesful detach from database. 
	Uncommitted work may have been lost


DESENV12 (Client)	Fri May 12 13:26:47 2023
	INET/inet_error: connect errno = 10060


DESENV12 (Client)	Fri May 12 13:27:10 2023
	INET/inet_error: connect errno = 10060


DESENV12 (Client)	Fri May 12 13:27:48 2023
	INET/inet_error: connect errno = 10060


DESENV12 (Client)	Fri May 12 13:28:11 2023
	INET/inet_error: connect errno = 10060


DESENV12 (Client)	Fri May 12 13:31:46 2023
	INET/inet_error: connect errno = 10060


DESENV12 (Client)	Fri May 12 13:32:09 2023
	INET/inet_error: connect errno = 10060


DESENV12 (Client)	Fri May 12 13:32:30 2023
	INET/inet_error: connect errno = 10060


DESENV12 (Client)	Fri May 12 13:32:53 2023
	INET/inet_error: connect errno = 10060


DESENV12 (Client)	Fri May 12 13:38:44 2023
	INET/inet_error: connect errno = 10060

